{
  "RSpec": {
    "coverage": {
      "C:/Users/Murza/Desktop/Hotel_1/spec/controllers/application_controller_spec.rb": [
        null,
        null,
        1,
        null,
        1,
        null,
        null
      ],
      "C:/Users/Murza/Desktop/Hotel_1/spec/rails_helper.rb": [
        null,
        1,
        1,
        1,
        null,
        1,
        1,
        null,
        null,
        null,
        null,
        null,
        null,
        null,
        null,
        null,
        null,
        null,
        null,
        null,
        null,
        null,
        null,
        null,
        null,
        null,
        1,
        1,
        null,
        0,
        0,
        null,
        1,
        null,
        1,
        null,
        null,
        null,
        null,
        1,
        null,
        null,
        null,
        null,
        null,
        null,
        null,
        null,
        null,
        null,
        null,
        null,
        null,
        null,
        1,
        null,
        null,
        1,
        null,
        null,
        null
      ],
      "C:/Users/Murza/Desktop/Hotel_1/config/environment.rb": [
        null,
        1,
        null,
        null,
        1
      ],
      "C:/Users/Murza/Desktop/Hotel_1/config/application.rb": [
        1,
        null,
        1,
        null,
        null,
        null,
        1,
        null,
        1,
        1,
        null,
        1,
        null,
        null,
        null,
        null,
        null,
        null
      ],
      "C:/Users/Murza/Desktop/Hotel_1/config/boot.rb": [
        1,
        null,
        1
      ],
      "C:/Users/Murza/Desktop/Hotel_1/config/environments/test.rb": [
        1,
        null,
        null,
        null,
        null,
        null,
        null,
        1,
        null,
        null,
        null,
        null,
        1,
        null,
        null,
        1,
        1,
        null,
        null,
        null,
        null,
        1,
        1,
        null,
        null,
        1,
        null,
        null,
        1,
        1,
        null,
        null,
        null,
        null,
        1,
        null,
        null,
        1,
        null,
        null,
        null,
        null
      ],
      "C:/Users/Murza/Desktop/Hotel_1/config/initializers/application_controller_renderer.rb": [
        null,
        null,
        null,
        null,
        null,
        null,
        null,
        null
      ],
      "C:/Users/Murza/Desktop/Hotel_1/config/initializers/assets.rb": [
        null,
        null,
        null,
        1,
        null,
        null,
        null,
        null,
        1,
        null,
        null,
        null,
        null,
        null
      ],
      "C:/Users/Murza/Desktop/Hotel_1/config/initializers/backtrace_silencers.rb": [
        null,
        null,
        null,
        null,
        null,
        null,
        null
      ],
      "C:/Users/Murza/Desktop/Hotel_1/config/initializers/cookies_serializer.rb": [
        null,
        null,
        null,
        null,
        1
      ],
      "C:/Users/Murza/Desktop/Hotel_1/config/initializers/filter_parameter_logging.rb": [
        null,
        null,
        null,
        1
      ],
      "C:/Users/Murza/Desktop/Hotel_1/config/initializers/inflections.rb": [
        null,
        null,
        null,
        null,
        null,
        null,
        null,
        null,
        null,
        null,
        null,
        null,
        null,
        null,
        null,
        null
      ],
      "C:/Users/Murza/Desktop/Hotel_1/config/initializers/mime_types.rb": [
        null,
        null,
        null,
        null
      ],
      "C:/Users/Murza/Desktop/Hotel_1/config/initializers/wrap_parameters.rb": [
        null,
        null,
        null,
        null,
        null,
        null,
        1,
        2,
        null,
        null,
        null,
        null,
        null,
        null
      ],
      "C:/Users/Murza/Desktop/Hotel_1/config/routes.rb": [
        1,
        null,
        1,
        null,
        1,
        1,
        1,
        null,
        1,
        null,
        null
      ],
      "C:/Users/Murza/Desktop/Hotel_1/app/helpers/application_helper.rb": [
        1,
        null
      ],
      "C:/Users/Murza/Desktop/Hotel_1/app/helpers/books_helper.rb": [
        1,
        null
      ],
      "C:/Users/Murza/Desktop/Hotel_1/app/helpers/letmeout_helper.rb": [
        1,
        null
      ],
      "C:/Users/Murza/Desktop/Hotel_1/app/helpers/main_helper.rb": [
        1,
        null
      ],
      "C:/Users/Murza/Desktop/Hotel_1/app/helpers/shop_helper.rb": [
        1,
        null
      ],
      "C:/Users/Murza/Desktop/Hotel_1/app/helpers/silenthill_helper.rb": [
        1,
        null
      ],
      "C:/Users/Murza/Desktop/Hotel_1/app/controllers/application_controller.rb": [
        1,
        1,
        null
      ],
      "C:/Users/Murza/Desktop/Hotel_1/spec/controllers/book_controller_spec.rb": [
        1,
        1,
        1,
        1,
        1,
        1,
        1,
        null,
        null,
        1,
        1,
        1,
        1,
        1,
        null,
        null,
        null
      ],
      "C:/Users/Murza/Desktop/Hotel_1/app/controllers/books_controller.rb": [
        1,
        1,
        null,
        null,
        1,
        1,
        null,
        null,
        1,
        0,
        null,
        null,
        1,
        1,
        null,
        null,
        1,
        null,
        0,
        null,
        null,
        1,
        0,
        null,
        0,
        0,
        null,
        0,
        null,
        null,
        null,
        1,
        0,
        0,
        0,
        null,
        null,
        null,
        1,
        null,
        0,
        null,
        0,
        0,
        null,
        0,
        null,
        null,
        1,
        0,
        null,
        null
      ],
      "C:/Users/Murza/Desktop/Hotel_1/spec/models/book_spec.rb": [
        1,
        null,
        1,
        1,
        1,
        1,
        1,
        null,
        1,
        1,
        1,
        null,
        1,
        1,
        1,
        null,
        1,
        1,
        1,
        null,
        null,
        null
      ],
      "C:/Users/Murza/Desktop/Hotel_1/app/models/book.rb": [
        1,
        1,
        1,
        1,
        null
      ],
      "C:/Users/Murza/Desktop/Hotel_1/app/models/application_record.rb": [
        1,
        1,
        null
      ],
      "C:/Users/Murza/Desktop/Hotel_1/spec/views/books/new.html.erb_spec.rb": [
        1,
        null,
        1,
        1,
        1,
        1,
        null,
        1,
        1,
        null,
        null
      ]
    },
    "timestamp": 1547271935
  }
}
